c:\users\shakir\desktop\comp6319 project-cyclone physics engine\cyclone-physics-master\lib\cyclone_d.bsc
c:\users\shakir\desktop\comp6319 project-cyclone physics engine\cyclone-physics-master\vs2010\tmp\debug\cyclone.pdb
c:\users\shakir\desktop\comp6319 project-cyclone physics engine\cyclone-physics-master\vs2010\tmp\debug\cyclone.idb
c:\users\shakir\desktop\comp6319 project-cyclone physics engine\cyclone-physics-master\vs2010\tmp\debug\body.sbr
c:\users\shakir\desktop\comp6319 project-cyclone physics engine\cyclone-physics-master\vs2010\tmp\debug\collide_coarse.sbr
c:\users\shakir\desktop\comp6319 project-cyclone physics engine\cyclone-physics-master\vs2010\tmp\debug\collide_fine.sbr
c:\users\shakir\desktop\comp6319 project-cyclone physics engine\cyclone-physics-master\vs2010\tmp\debug\contacts.sbr
c:\users\shakir\desktop\comp6319 project-cyclone physics engine\cyclone-physics-master\vs2010\tmp\debug\core.sbr
c:\users\shakir\desktop\comp6319 project-cyclone physics engine\cyclone-physics-master\vs2010\tmp\debug\fgen.sbr
c:\users\shakir\desktop\comp6319 project-cyclone physics engine\cyclone-physics-master\vs2010\tmp\debug\joints.sbr
c:\users\shakir\desktop\comp6319 project-cyclone physics engine\cyclone-physics-master\vs2010\tmp\debug\particle.sbr
c:\users\shakir\desktop\comp6319 project-cyclone physics engine\cyclone-physics-master\vs2010\tmp\debug\pcontacts.sbr
c:\users\shakir\desktop\comp6319 project-cyclone physics engine\cyclone-physics-master\vs2010\tmp\debug\pfgen.sbr
c:\users\shakir\desktop\comp6319 project-cyclone physics engine\cyclone-physics-master\vs2010\tmp\debug\plinks.sbr
c:\users\shakir\desktop\comp6319 project-cyclone physics engine\cyclone-physics-master\vs2010\tmp\debug\pworld.sbr
c:\users\shakir\desktop\comp6319 project-cyclone physics engine\cyclone-physics-master\vs2010\tmp\debug\random.sbr
c:\users\shakir\desktop\comp6319 project-cyclone physics engine\cyclone-physics-master\vs2010\tmp\debug\world.sbr
c:\users\shakir\desktop\comp6319 project-cyclone physics engine\cyclone-physics-master\vs2010\tmp\debug\world.obj
c:\users\shakir\desktop\comp6319 project-cyclone physics engine\cyclone-physics-master\vs2010\tmp\debug\random.obj
c:\users\shakir\desktop\comp6319 project-cyclone physics engine\cyclone-physics-master\vs2010\tmp\debug\pworld.obj
c:\users\shakir\desktop\comp6319 project-cyclone physics engine\cyclone-physics-master\vs2010\tmp\debug\plinks.obj
c:\users\shakir\desktop\comp6319 project-cyclone physics engine\cyclone-physics-master\vs2010\tmp\debug\pfgen.obj
c:\users\shakir\desktop\comp6319 project-cyclone physics engine\cyclone-physics-master\vs2010\tmp\debug\pcontacts.obj
c:\users\shakir\desktop\comp6319 project-cyclone physics engine\cyclone-physics-master\vs2010\tmp\debug\particle.obj
c:\users\shakir\desktop\comp6319 project-cyclone physics engine\cyclone-physics-master\vs2010\tmp\debug\joints.obj
c:\users\shakir\desktop\comp6319 project-cyclone physics engine\cyclone-physics-master\vs2010\tmp\debug\fgen.obj
c:\users\shakir\desktop\comp6319 project-cyclone physics engine\cyclone-physics-master\vs2010\tmp\debug\core.obj
c:\users\shakir\desktop\comp6319 project-cyclone physics engine\cyclone-physics-master\vs2010\tmp\debug\contacts.obj
c:\users\shakir\desktop\comp6319 project-cyclone physics engine\cyclone-physics-master\vs2010\tmp\debug\collide_fine.obj
c:\users\shakir\desktop\comp6319 project-cyclone physics engine\cyclone-physics-master\vs2010\tmp\debug\collide_coarse.obj
c:\users\shakir\desktop\comp6319 project-cyclone physics engine\cyclone-physics-master\vs2010\tmp\debug\body.obj
c:\users\shakir\desktop\comp6319 project-cyclone physics engine\cyclone-physics-master\lib\cyclone_d.lib
c:\users\shakir\desktop\comp6319 project-cyclone physics engine\cyclone-physics-master\vs2010\.\..\lib\cyclone_d.lib
c:\users\shakir\desktop\comp6319 project-cyclone physics engine\cyclone-physics-master\vs2010\tmp\debug\cyclone.tlog\bscmake.command.1.tlog
c:\users\shakir\desktop\comp6319 project-cyclone physics engine\cyclone-physics-master\vs2010\tmp\debug\cyclone.tlog\bscmake.read.1.tlog
c:\users\shakir\desktop\comp6319 project-cyclone physics engine\cyclone-physics-master\vs2010\tmp\debug\cyclone.tlog\bscmake.write.1.tlog
c:\users\shakir\desktop\comp6319 project-cyclone physics engine\cyclone-physics-master\vs2010\tmp\debug\cyclone.tlog\cl.command.1.tlog
c:\users\shakir\desktop\comp6319 project-cyclone physics engine\cyclone-physics-master\vs2010\tmp\debug\cyclone.tlog\cl.read.1.tlog
c:\users\shakir\desktop\comp6319 project-cyclone physics engine\cyclone-physics-master\vs2010\tmp\debug\cyclone.tlog\cl.write.1.tlog
c:\users\shakir\desktop\comp6319 project-cyclone physics engine\cyclone-physics-master\vs2010\tmp\debug\cyclone.tlog\lib-link.read.1.tlog
c:\users\shakir\desktop\comp6319 project-cyclone physics engine\cyclone-physics-master\vs2010\tmp\debug\cyclone.tlog\lib-link.write.1.tlog
c:\users\shakir\desktop\comp6319 project-cyclone physics engine\cyclone-physics-master\vs2010\tmp\debug\cyclone.tlog\lib.command.1.tlog
